e:\programming\c++\projects\sdl_snake\sdl_snake\sdl_snake\debug\vc141.pdb
e:\programming\c++\projects\sdl_snake\sdl_snake\sdl_snake\debug\vc141.idb
e:\programming\c++\projects\sdl_snake\sdl_snake\sdl_snake\debug\game.obj
e:\programming\c++\projects\sdl_snake\sdl_snake\sdl_snake\debug\snake.obj
e:\programming\c++\projects\sdl_snake\sdl_snake\sdl_snake\debug\main.obj
e:\programming\c++\projects\sdl_snake\sdl_snake\sdl_snake\debug\food.obj
e:\programming\c++\projects\sdl_snake\sdl_snake\debug\sdl_snake.pdb
e:\programming\c++\projects\sdl_snake\sdl_snake\sdl_snake\debug\sdl_snake.tlog\cl.command.1.tlog
e:\programming\c++\projects\sdl_snake\sdl_snake\sdl_snake\debug\sdl_snake.tlog\cl.read.1.tlog
e:\programming\c++\projects\sdl_snake\sdl_snake\sdl_snake\debug\sdl_snake.tlog\cl.write.1.tlog
e:\programming\c++\projects\sdl_snake\sdl_snake\sdl_snake\debug\sdl_snake.tlog\link-cvtres.read.1.tlog
e:\programming\c++\projects\sdl_snake\sdl_snake\sdl_snake\debug\sdl_snake.tlog\link-cvtres.write.1.tlog
e:\programming\c++\projects\sdl_snake\sdl_snake\sdl_snake\debug\sdl_snake.tlog\link-rc.read.1.tlog
e:\programming\c++\projects\sdl_snake\sdl_snake\sdl_snake\debug\sdl_snake.tlog\link-rc.write.1.tlog
e:\programming\c++\projects\sdl_snake\sdl_snake\sdl_snake\debug\sdl_snake.tlog\link.12112-cvtres.read.1.tlog
e:\programming\c++\projects\sdl_snake\sdl_snake\sdl_snake\debug\sdl_snake.tlog\link.12112-cvtres.write.1.tlog
e:\programming\c++\projects\sdl_snake\sdl_snake\sdl_snake\debug\sdl_snake.tlog\link.12112-rc.read.1.tlog
e:\programming\c++\projects\sdl_snake\sdl_snake\sdl_snake\debug\sdl_snake.tlog\link.12112-rc.write.1.tlog
e:\programming\c++\projects\sdl_snake\sdl_snake\sdl_snake\debug\sdl_snake.tlog\link.12112.read.1.tlog
e:\programming\c++\projects\sdl_snake\sdl_snake\sdl_snake\debug\sdl_snake.tlog\link.12112.write.1.tlog
e:\programming\c++\projects\sdl_snake\sdl_snake\sdl_snake\debug\sdl_snake.tlog\link.command.1.tlog
e:\programming\c++\projects\sdl_snake\sdl_snake\sdl_snake\debug\sdl_snake.tlog\link.read.1.tlog
e:\programming\c++\projects\sdl_snake\sdl_snake\sdl_snake\debug\sdl_snake.tlog\link.write.1.tlog
